# JRE version: OpenJDK Runtime Environment (8.0_152-b01) (build 1.8.0_152-release-915-b01)
# Java VM: OpenJDK 64-Bit Server VM (25.152-b01 mixed mode linux-amd64 compressed oops)
Heap:
 PSYoungGen      total 315392K, used 12848K [0x00000000e0000000, 0x00000000f5600000, 0x0000000100000000)
  eden space 280576K, 0% used [0x00000000e0000000,0x00000000e0000000,0x00000000f1200000)
  from space 34816K, 36% used [0x00000000f1200000,0x00000000f1e8c0b0,0x00000000f3400000)
  to   space 33792K, 0% used [0x00000000f3500000,0x00000000f3500000,0x00000000f5600000)
 ParOldGen       total 75264K, used 67244K [0x00000000a0000000, 0x00000000a4980000, 0x00000000e0000000)
  object space 75264K, 89% used [0x00000000a0000000,0x00000000a41ab020,0x00000000a4980000)
 Metaspace       used 80694K, capacity 83834K, committed 83928K, reserved 1122304K
  class space    used 10266K, capacity 10948K, committed 11008K, reserved 1048576K
GC Heap History (10 events):
Event: 379.841 GC heap after
Heap after GC invocations=37 (full 3):
 PSYoungGen      total 215552K, used 22501K [0x00000000e0000000, 0x00000000ef700000, 0x0000000100000000)
  eden space 180736K, 0% used [0x00000000e0000000,0x00000000e0000000,0x00000000eb080000)
  from space 34816K, 64% used [0x00000000ed300000,0x00000000ee8f9758,0x00000000ef500000)
  to   space 35328K, 0% used [0x00000000eb080000,0x00000000eb080000,0x00000000ed300000)
 ParOldGen       total 75264K, used 46983K [0x00000000a0000000, 0x00000000a4980000, 0x00000000e0000000)
  object space 75264K, 62% used [0x00000000a0000000,0x00000000a2de1c80,0x00000000a4980000)
 Metaspace       used 80096K, capacity 83246K, committed 83416K, reserved 1122304K
  class space    used 10265K, capacity 10948K, committed 11008K, reserved 1048576K
}
Event: 384.056 GC heap before
{Heap before GC invocations=38 (full 3):
 PSYoungGen      total 215552K, used 203237K [0x00000000e0000000, 0x00000000ef700000, 0x0000000100000000)
  eden space 180736K, 100% used [0x00000000e0000000,0x00000000eb080000,0x00000000eb080000)
  from space 34816K, 64% used [0x00000000ed300000,0x00000000ee8f9758,0x00000000ef500000)
  to   space 35328K, 0% used [0x00000000eb080000,0x00000000eb080000,0x00000000ed300000)
 ParOldGen       total 75264K, used 46983K [0x00000000a0000000, 0x00000000a4980000, 0x00000000e0000000)
  object space 75264K, 62% used [0x00000000a0000000,0x00000000a2de1c80,0x00000000a4980000)
 Metaspace       used 80342K, capacity 83438K, committed 83672K, reserved 1122304K
  class space    used 10265K, capacity 10948K, committed 11008K, reserved 1048576K
Event: 384.876 GC heap after
Heap after GC invocations=38 (full 3):
 PSYoungGen      total 216064K, used 21233K [0x00000000e0000000, 0x00000000f2000000, 0x0000000100000000)
  eden space 180736K, 0% used [0x00000000e0000000,0x00000000e0000000,0x00000000eb080000)
  from space 35328K, 60% used [0x00000000eb080000,0x00000000ec53c520,0x00000000ed300000)
  to   space 35328K, 0% used [0x00000000efd80000,0x00000000efd80000,0x00000000f2000000)
 ParOldGen       total 75264K, used 50368K [0x00000000a0000000, 0x00000000a4980000, 0x00000000e0000000)
  object space 75264K, 66% used [0x00000000a0000000,0x00000000a3130278,0x00000000a4980000)
 Metaspace       used 80342K, capacity 83438K, committed 83672K, reserved 1122304K
  class space    used 10265K, capacity 10948K, committed 11008K, reserved 1048576K
}
Event: 385.853 GC heap before
{Heap before GC invocations=39 (full 3):
 PSYoungGen      total 216064K, used 201969K [0x00000000e0000000, 0x00000000f2000000, 0x0000000100000000)
  eden space 180736K, 100% used [0x00000000e0000000,0x00000000eb080000,0x00000000eb080000)
  from space 35328K, 60% used [0x00000000eb080000,0x00000000ec53c520,0x00000000ed300000)
  to   space 35328K, 0% used [0x00000000efd80000,0x00000000efd80000,0x00000000f2000000)
 ParOldGen       total 75264K, used 50368K [0x00000000a0000000, 0x00000000a4980000, 0x00000000e0000000)
  object space 75264K, 66% used [0x00000000a0000000,0x00000000a3130278,0x00000000a4980000)
 Metaspace       used 80587K, capacity 83642K, committed 83928K, reserved 1122304K
  class space    used 10266K, capacity 10948K, committed 11008K, reserved 1048576K
Event: 388.943 GC heap after
Heap after GC invocations=39 (full 3):
 PSYoungGen      total 258560K, used 16209K [0x00000000e0000000, 0x00000000f1e00000, 0x0000000100000000)
  eden space 225280K, 0% used [0x00000000e0000000,0x00000000e0000000,0x00000000edc00000)
  from space 33280K, 48% used [0x00000000efd80000,0x00000000f0d54678,0x00000000f1e00000)
  to   space 33792K, 0% used [0x00000000edc00000,0x00000000edc00000,0x00000000efd00000)
 ParOldGen       total 75264K, used 57261K [0x00000000a0000000, 0x00000000a4980000, 0x00000000e0000000)
  object space 75264K, 76% used [0x00000000a0000000,0x00000000a37eb750,0x00000000a4980000)
 Metaspace       used 80587K, capacity 83642K, committed 83928K, reserved 1122304K
  class space    used 10266K, capacity 10948K, committed 11008K, reserved 1048576K
}
Event: 393.878 GC heap before
{Heap before GC invocations=40 (full 3):
 PSYoungGen      total 258560K, used 241489K [0x00000000e0000000, 0x00000000f1e00000, 0x0000000100000000)
  eden space 225280K, 100% used [0x00000000e0000000,0x00000000edc00000,0x00000000edc00000)
  from space 33280K, 48% used [0x00000000efd80000,0x00000000f0d54678,0x00000000f1e00000)
  to   space 33792K, 0% used [0x00000000edc00000,0x00000000edc00000,0x00000000efd00000)
 ParOldGen       total 75264K, used 57261K [0x00000000a0000000, 0x00000000a4980000, 0x00000000e0000000)
  object space 75264K, 76% used [0x00000000a0000000,0x00000000a37eb750,0x00000000a4980000)
 Metaspace       used 80659K, capacity 83770K, committed 83928K, reserved 1122304K
  class space    used 10266K, capacity 10948K, committed 11008K, reserved 1048576K
Event: 396.526 GC heap after
Heap after GC invocations=40 (full 3):
 PSYoungGen      total 259072K, used 28403K [0x00000000e0000000, 0x00000000f5880000, 0x0000000100000000)
  eden space 225280K, 0% used [0x00000000e0000000,0x00000000e0000000,0x00000000edc00000)
  from space 33792K, 84% used [0x00000000edc00000,0x00000000ef7bcd58,0x00000000efd00000)
  to   space 36352K, 0% used [0x00000000f3500000,0x00000000f3500000,0x00000000f5880000)
 ParOldGen       total 75264K, used 61153K [0x00000000a0000000, 0x00000000a4980000, 0x00000000e0000000)
  object space 75264K, 81% used [0x00000000a0000000,0x00000000a3bb8680,0x00000000a4980000)
 Metaspace       used 80659K, capacity 83770K, committed 83928K, reserved 1122304K
  class space    used 10266K, capacity 10948K, committed 11008K, reserved 1048576K
}
Event: 397.267 GC heap before
{Heap before GC invocations=41 (full 3):
 PSYoungGen      total 259072K, used 253683K [0x00000000e0000000, 0x00000000f5880000, 0x0000000100000000)
  eden space 225280K, 100% used [0x00000000e0000000,0x00000000edc00000,0x00000000edc00000)
  from space 33792K, 84% used [0x00000000edc00000,0x00000000ef7bcd58,0x00000000efd00000)
  to   space 36352K, 0% used [0x00000000f3500000,0x00000000f3500000,0x00000000f5880000)
 ParOldGen       total 75264K, used 61153K [0x00000000a0000000, 0x00000000a4980000, 0x00000000e0000000)
  object space 75264K, 81% used [0x00000000a0000000,0x00000000a3bb8680,0x00000000a4980000)
 Metaspace       used 80680K, capacity 83770K, committed 83928K, reserved 1122304K
  class space    used 10266K, capacity 10948K, committed 11008K, reserved 1048576K
Event: 400.754 GC heap after
Heap after GC invocations=41 (full 3):
 PSYoungGen      total 314368K, used 14247K [0x00000000e0000000, 0x00000000f5600000, 0x0000000100000000)
  eden space 280576K, 0% used [0x00000000e0000000,0x00000000e0000000,0x00000000f1200000)
  from space 33792K, 42% used [0x00000000f3500000,0x00000000f42e9c70,0x00000000f5600000)
  to   space 34816K, 0% used [0x00000000f1200000,0x00000000f1200000,0x00000000f3400000)
 ParOldGen       total 75264K, used 63612K [0x00000000a0000000, 0x00000000a4980000, 0x00000000e0000000)
  object space 75264K, 84% used [0x00000000a0000000,0x00000000a3e1f020,0x00000000a4980000)
 Metaspace       used 80680K, capacity 83770K, committed 83928K, reserved 1122304K
  class space    used 10266K, capacity 10948K, committed 11008K, reserved 1048576K
}
Event: 404.956 GC heap before
{Heap before GC invocations=42 (full 3):
 PSYoungGen      total 314368K, used 294823K [0x00000000e0000000, 0x00000000f5600000, 0x0000000100000000)
  eden space 280576K, 100% used [0x00000000e0000000,0x00000000f1200000,0x00000000f1200000)
  from space 33792K, 42% used [0x00000000f3500000,0x00000000f42e9c70,0x00000000f5600000)
  to   space 34816K, 0% used [0x00000000f1200000,0x00000000f1200000,0x00000000f3400000)
 ParOldGen       total 75264K, used 63612K [0x00000000a0000000, 0x00000000a4980000, 0x00000000e0000000)
  object space 75264K, 84% used [0x00000000a0000000,0x00000000a3e1f020,0x00000000a4980000)
 Metaspace       used 80694K, capacity 83834K, committed 83928K, reserved 1122304K
  class space    used 10266K, capacity 10948K, committed 11008K, reserved 1048576K

